/!\ FAILSAFE /!\  2010-02-04 20:29:42 +0100
  Status: 500 Internal Server Error
  no such file to load -- sqlite3
    /usr/lib/ruby/gems/1.9.1/gems/activesupport-2.3.5/lib/active_support/dependencies.rb:156:in `require'
    /usr/lib/ruby/gems/1.9.1/gems/activesupport-2.3.5/lib/active_support/dependencies.rb:156:in `block in require'
    /usr/lib/ruby/gems/1.9.1/gems/activesupport-2.3.5/lib/active_support/dependencies.rb:521:in `new_constants_in'
    /usr/lib/ruby/gems/1.9.1/gems/activesupport-2.3.5/lib/active_support/dependencies.rb:156:in `require'
    /usr/lib/ruby/gems/1.9.1/gems/activesupport-2.3.5/lib/active_support/core_ext/kernel/requires.rb:7:in `block in require_library_or_gem'
    /usr/lib/ruby/gems/1.9.1/gems/activesupport-2.3.5/lib/active_support/core_ext/kernel/reporting.rb:11:in `silence_warnings'
    /usr/lib/ruby/gems/1.9.1/gems/activesupport-2.3.5/lib/active_support/core_ext/kernel/requires.rb:5:in `require_library_or_gem'
    /usr/lib/ruby/gems/1.9.1/gems/activerecord-2.3.5/lib/active_record/connection_adapters/sqlite3_adapter.rb:10:in `sqlite3_connection'
    /usr/lib/ruby/gems/1.9.1/gems/activerecord-2.3.5/lib/active_record/connection_adapters/abstract/connection_pool.rb:223:in `new_connection'
    /usr/lib/ruby/gems/1.9.1/gems/activerecord-2.3.5/lib/active_record/connection_adapters/abstract/connection_pool.rb:245:in `checkout_new_connection'
    /usr/lib/ruby/gems/1.9.1/gems/activerecord-2.3.5/lib/active_record/connection_adapters/abstract/connection_pool.rb:188:in `block (2 levels) in checkout'
    /usr/lib/ruby/gems/1.9.1/gems/activerecord-2.3.5/lib/active_record/connection_adapters/abstract/connection_pool.rb:184:in `loop'
    /usr/lib/ruby/gems/1.9.1/gems/activerecord-2.3.5/lib/active_record/connection_adapters/abstract/connection_pool.rb:184:in `block in checkout'
    /usr/lib/ruby/1.9.1/monitor.rb:190:in `mon_synchronize'
    /usr/lib/ruby/gems/1.9.1/gems/activerecord-2.3.5/lib/active_record/connection_adapters/abstract/connection_pool.rb:183:in `checkout'
    /usr/lib/ruby/gems/1.9.1/gems/activerecord-2.3.5/lib/active_record/connection_adapters/abstract/connection_pool.rb:98:in `connection'
    /usr/lib/ruby/gems/1.9.1/gems/activerecord-2.3.5/lib/active_record/connection_adapters/abstract/connection_pool.rb:326:in `retrieve_connection'
    /usr/lib/ruby/gems/1.9.1/gems/activerecord-2.3.5/lib/active_record/connection_adapters/abstract/connection_specification.rb:123:in `retrieve_connection'
    /usr/lib/ruby/gems/1.9.1/gems/activerecord-2.3.5/lib/active_record/connection_adapters/abstract/connection_specification.rb:115:in `connection'
    /usr/lib/ruby/gems/1.9.1/gems/activerecord-2.3.5/lib/active_record/query_cache.rb:9:in `cache'
    /usr/lib/ruby/gems/1.9.1/gems/activerecord-2.3.5/lib/active_record/query_cache.rb:28:in `call'
    /usr/lib/ruby/gems/1.9.1/gems/activerecord-2.3.5/lib/active_record/connection_adapters/abstract/connection_pool.rb:361:in `call'
    /usr/lib/ruby/gems/1.9.1/gems/actionpack-2.3.5/lib/action_controller/string_coercion.rb:25:in `call'
    /usr/lib/ruby/gems/1.9.1/gems/rack-1.0.1/lib/rack/head.rb:9:in `call'
    /usr/lib/ruby/gems/1.9.1/gems/rack-1.0.1/lib/rack/methodoverride.rb:24:in `call'
    /usr/lib/ruby/gems/1.9.1/gems/actionpack-2.3.5/lib/action_controller/params_parser.rb:15:in `call'
    /usr/lib/ruby/gems/1.9.1/gems/actionpack-2.3.5/lib/action_controller/session/cookie_store.rb:93:in `call'
    /usr/lib/ruby/gems/1.9.1/gems/actionpack-2.3.5/lib/action_controller/failsafe.rb:26:in `call'
    /usr/lib/ruby/gems/1.9.1/gems/rack-1.0.1/lib/rack/lock.rb:11:in `block in call'
    <internal:prelude>:8:in `synchronize'
    /usr/lib/ruby/gems/1.9.1/gems/rack-1.0.1/lib/rack/lock.rb:11:in `call'
    /usr/lib/ruby/gems/1.9.1/gems/actionpack-2.3.5/lib/action_controller/dispatcher.rb:114:in `block in call'
    /usr/lib/ruby/gems/1.9.1/gems/actionpack-2.3.5/lib/action_controller/reloader.rb:34:in `run'
    /usr/lib/ruby/gems/1.9.1/gems/actionpack-2.3.5/lib/action_controller/dispatcher.rb:108:in `call'
    /usr/lib/ruby/gems/1.9.1/gems/rails-2.3.5/lib/rails/rack/static.rb:31:in `call'
    /usr/lib/ruby/gems/1.9.1/gems/rack-1.0.1/lib/rack/urlmap.rb:46:in `block in call'
    /usr/lib/ruby/gems/1.9.1/gems/rack-1.0.1/lib/rack/urlmap.rb:40:in `each'
    /usr/lib/ruby/gems/1.9.1/gems/rack-1.0.1/lib/rack/urlmap.rb:40:in `call'
    /usr/lib/ruby/gems/1.9.1/gems/rails-2.3.5/lib/rails/rack/log_tailer.rb:17:in `call'
    /usr/lib/ruby/gems/1.9.1/gems/rack-1.0.1/lib/rack/content_length.rb:13:in `call'
    /usr/lib/ruby/gems/1.9.1/gems/rack-1.0.1/lib/rack/handler/webrick.rb:50:in `service'
    /usr/lib/ruby/1.9.1/webrick/httpserver.rb:111:in `service'
    /usr/lib/ruby/1.9.1/webrick/httpserver.rb:70:in `run'
    /usr/lib/ruby/1.9.1/webrick/server.rb:183:in `block in start_thread'
/!\ FAILSAFE /!\  2010-02-04 20:30:55 +0100
  Status: 500 Internal Server Error
  Unknown database 'feysbook_dev'
    /usr/lib/ruby/gems/1.9.1/gems/activerecord-2.3.5/lib/active_record/connection_adapters/mysql_adapter.rb:589:in `real_connect'
    /usr/lib/ruby/gems/1.9.1/gems/activerecord-2.3.5/lib/active_record/connection_adapters/mysql_adapter.rb:589:in `connect'
    /usr/lib/ruby/gems/1.9.1/gems/activerecord-2.3.5/lib/active_record/connection_adapters/mysql_adapter.rb:203:in `initialize'
    /usr/lib/ruby/gems/1.9.1/gems/activerecord-2.3.5/lib/active_record/connection_adapters/mysql_adapter.rb:75:in `new'
    /usr/lib/ruby/gems/1.9.1/gems/activerecord-2.3.5/lib/active_record/connection_adapters/mysql_adapter.rb:75:in `mysql_connection'
    /usr/lib/ruby/gems/1.9.1/gems/activerecord-2.3.5/lib/active_record/connection_adapters/abstract/connection_pool.rb:223:in `new_connection'
    /usr/lib/ruby/gems/1.9.1/gems/activerecord-2.3.5/lib/active_record/connection_adapters/abstract/connection_pool.rb:245:in `checkout_new_connection'
    /usr/lib/ruby/gems/1.9.1/gems/activerecord-2.3.5/lib/active_record/connection_adapters/abstract/connection_pool.rb:188:in `block (2 levels) in checkout'
    /usr/lib/ruby/gems/1.9.1/gems/activerecord-2.3.5/lib/active_record/connection_adapters/abstract/connection_pool.rb:184:in `loop'
    /usr/lib/ruby/gems/1.9.1/gems/activerecord-2.3.5/lib/active_record/connection_adapters/abstract/connection_pool.rb:184:in `block in checkout'
    /usr/lib/ruby/1.9.1/monitor.rb:190:in `mon_synchronize'
    /usr/lib/ruby/gems/1.9.1/gems/activerecord-2.3.5/lib/active_record/connection_adapters/abstract/connection_pool.rb:183:in `checkout'
    /usr/lib/ruby/gems/1.9.1/gems/activerecord-2.3.5/lib/active_record/connection_adapters/abstract/connection_pool.rb:98:in `connection'
    /usr/lib/ruby/gems/1.9.1/gems/activerecord-2.3.5/lib/active_record/connection_adapters/abstract/connection_pool.rb:326:in `retrieve_connection'
    /usr/lib/ruby/gems/1.9.1/gems/activerecord-2.3.5/lib/active_record/connection_adapters/abstract/connection_specification.rb:123:in `retrieve_connection'
    /usr/lib/ruby/gems/1.9.1/gems/activerecord-2.3.5/lib/active_record/connection_adapters/abstract/connection_specification.rb:115:in `connection'
    /usr/lib/ruby/gems/1.9.1/gems/activerecord-2.3.5/lib/active_record/query_cache.rb:9:in `cache'
    /usr/lib/ruby/gems/1.9.1/gems/activerecord-2.3.5/lib/active_record/query_cache.rb:28:in `call'
    /usr/lib/ruby/gems/1.9.1/gems/activerecord-2.3.5/lib/active_record/connection_adapters/abstract/connection_pool.rb:361:in `call'
    /usr/lib/ruby/gems/1.9.1/gems/actionpack-2.3.5/lib/action_controller/string_coercion.rb:25:in `call'
    /usr/lib/ruby/gems/1.9.1/gems/rack-1.0.1/lib/rack/head.rb:9:in `call'
    /usr/lib/ruby/gems/1.9.1/gems/rack-1.0.1/lib/rack/methodoverride.rb:24:in `call'
    /usr/lib/ruby/gems/1.9.1/gems/actionpack-2.3.5/lib/action_controller/params_parser.rb:15:in `call'
    /usr/lib/ruby/gems/1.9.1/gems/actionpack-2.3.5/lib/action_controller/session/cookie_store.rb:93:in `call'
    /usr/lib/ruby/gems/1.9.1/gems/actionpack-2.3.5/lib/action_controller/failsafe.rb:26:in `call'
    /usr/lib/ruby/gems/1.9.1/gems/rack-1.0.1/lib/rack/lock.rb:11:in `block in call'
    <internal:prelude>:8:in `synchronize'
    /usr/lib/ruby/gems/1.9.1/gems/rack-1.0.1/lib/rack/lock.rb:11:in `call'
    /usr/lib/ruby/gems/1.9.1/gems/actionpack-2.3.5/lib/action_controller/dispatcher.rb:114:in `block in call'
    /usr/lib/ruby/gems/1.9.1/gems/actionpack-2.3.5/lib/action_controller/reloader.rb:34:in `run'
    /usr/lib/ruby/gems/1.9.1/gems/actionpack-2.3.5/lib/action_controller/dispatcher.rb:108:in `call'
    /usr/lib/ruby/gems/1.9.1/gems/rails-2.3.5/lib/rails/rack/static.rb:31:in `call'
    /usr/lib/ruby/gems/1.9.1/gems/rack-1.0.1/lib/rack/urlmap.rb:46:in `block in call'
    /usr/lib/ruby/gems/1.9.1/gems/rack-1.0.1/lib/rack/urlmap.rb:40:in `each'
    /usr/lib/ruby/gems/1.9.1/gems/rack-1.0.1/lib/rack/urlmap.rb:40:in `call'
    /usr/lib/ruby/gems/1.9.1/gems/rails-2.3.5/lib/rails/rack/log_tailer.rb:17:in `call'
    /usr/lib/ruby/gems/1.9.1/gems/rack-1.0.1/lib/rack/content_length.rb:13:in `call'
    /usr/lib/ruby/gems/1.9.1/gems/rack-1.0.1/lib/rack/handler/webrick.rb:50:in `service'
    /usr/lib/ruby/1.9.1/webrick/httpserver.rb:111:in `service'
    /usr/lib/ruby/1.9.1/webrick/httpserver.rb:70:in `run'
    /usr/lib/ruby/1.9.1/webrick/server.rb:183:in `block in start_thread'
/!\ FAILSAFE /!\  2010-02-04 20:30:55 +0100
  Status: 500 Internal Server Error
  Unknown database 'feysbook_dev'
    /usr/lib/ruby/gems/1.9.1/gems/activerecord-2.3.5/lib/active_record/connection_adapters/mysql_adapter.rb:589:in `real_connect'
    /usr/lib/ruby/gems/1.9.1/gems/activerecord-2.3.5/lib/active_record/connection_adapters/mysql_adapter.rb:589:in `connect'
    /usr/lib/ruby/gems/1.9.1/gems/activerecord-2.3.5/lib/active_record/connection_adapters/mysql_adapter.rb:203:in `initialize'
    /usr/lib/ruby/gems/1.9.1/gems/activerecord-2.3.5/lib/active_record/connection_adapters/mysql_adapter.rb:75:in `new'
    /usr/lib/ruby/gems/1.9.1/gems/activerecord-2.3.5/lib/active_record/connection_adapters/mysql_adapter.rb:75:in `mysql_connection'
    /usr/lib/ruby/gems/1.9.1/gems/activerecord-2.3.5/lib/active_record/connection_adapters/abstract/connection_pool.rb:223:in `new_connection'
    /usr/lib/ruby/gems/1.9.1/gems/activerecord-2.3.5/lib/active_record/connection_adapters/abstract/connection_pool.rb:245:in `checkout_new_connection'
    /usr/lib/ruby/gems/1.9.1/gems/activerecord-2.3.5/lib/active_record/connection_adapters/abstract/connection_pool.rb:188:in `block (2 levels) in checkout'
    /usr/lib/ruby/gems/1.9.1/gems/activerecord-2.3.5/lib/active_record/connection_adapters/abstract/connection_pool.rb:184:in `loop'
    /usr/lib/ruby/gems/1.9.1/gems/activerecord-2.3.5/lib/active_record/connection_adapters/abstract/connection_pool.rb:184:in `block in checkout'
    /usr/lib/ruby/1.9.1/monitor.rb:190:in `mon_synchronize'
    /usr/lib/ruby/gems/1.9.1/gems/activerecord-2.3.5/lib/active_record/connection_adapters/abstract/connection_pool.rb:183:in `checkout'
    /usr/lib/ruby/gems/1.9.1/gems/activerecord-2.3.5/lib/active_record/connection_adapters/abstract/connection_pool.rb:98:in `connection'
    /usr/lib/ruby/gems/1.9.1/gems/activerecord-2.3.5/lib/active_record/connection_adapters/abstract/connection_pool.rb:326:in `retrieve_connection'
    /usr/lib/ruby/gems/1.9.1/gems/activerecord-2.3.5/lib/active_record/connection_adapters/abstract/connection_specification.rb:123:in `retrieve_connection'
    /usr/lib/ruby/gems/1.9.1/gems/activerecord-2.3.5/lib/active_record/connection_adapters/abstract/connection_specification.rb:115:in `connection'
    /usr/lib/ruby/gems/1.9.1/gems/activerecord-2.3.5/lib/active_record/query_cache.rb:9:in `cache'
    /usr/lib/ruby/gems/1.9.1/gems/activerecord-2.3.5/lib/active_record/query_cache.rb:28:in `call'
    /usr/lib/ruby/gems/1.9.1/gems/activerecord-2.3.5/lib/active_record/connection_adapters/abstract/connection_pool.rb:361:in `call'
    /usr/lib/ruby/gems/1.9.1/gems/actionpack-2.3.5/lib/action_controller/string_coercion.rb:25:in `call'
    /usr/lib/ruby/gems/1.9.1/gems/rack-1.0.1/lib/rack/head.rb:9:in `call'
    /usr/lib/ruby/gems/1.9.1/gems/rack-1.0.1/lib/rack/methodoverride.rb:24:in `call'
    /usr/lib/ruby/gems/1.9.1/gems/actionpack-2.3.5/lib/action_controller/params_parser.rb:15:in `call'
    /usr/lib/ruby/gems/1.9.1/gems/actionpack-2.3.5/lib/action_controller/session/cookie_store.rb:93:in `call'
    /usr/lib/ruby/gems/1.9.1/gems/actionpack-2.3.5/lib/action_controller/failsafe.rb:26:in `call'
    /usr/lib/ruby/gems/1.9.1/gems/rack-1.0.1/lib/rack/lock.rb:11:in `block in call'
    <internal:prelude>:8:in `synchronize'
    /usr/lib/ruby/gems/1.9.1/gems/rack-1.0.1/lib/rack/lock.rb:11:in `call'
    /usr/lib/ruby/gems/1.9.1/gems/actionpack-2.3.5/lib/action_controller/dispatcher.rb:114:in `block in call'
    /usr/lib/ruby/gems/1.9.1/gems/actionpack-2.3.5/lib/action_controller/reloader.rb:34:in `run'
    /usr/lib/ruby/gems/1.9.1/gems/actionpack-2.3.5/lib/action_controller/dispatcher.rb:108:in `call'
    /usr/lib/ruby/gems/1.9.1/gems/rails-2.3.5/lib/rails/rack/static.rb:31:in `call'
    /usr/lib/ruby/gems/1.9.1/gems/rack-1.0.1/lib/rack/urlmap.rb:46:in `block in call'
    /usr/lib/ruby/gems/1.9.1/gems/rack-1.0.1/lib/rack/urlmap.rb:40:in `each'
    /usr/lib/ruby/gems/1.9.1/gems/rack-1.0.1/lib/rack/urlmap.rb:40:in `call'
    /usr/lib/ruby/gems/1.9.1/gems/rails-2.3.5/lib/rails/rack/log_tailer.rb:17:in `call'
    /usr/lib/ruby/gems/1.9.1/gems/rack-1.0.1/lib/rack/content_length.rb:13:in `call'
    /usr/lib/ruby/gems/1.9.1/gems/rack-1.0.1/lib/rack/handler/webrick.rb:50:in `service'
    /usr/lib/ruby/1.9.1/webrick/httpserver.rb:111:in `service'
    /usr/lib/ruby/1.9.1/webrick/httpserver.rb:70:in `run'
    /usr/lib/ruby/1.9.1/webrick/server.rb:183:in `block in start_thread'
/!\ FAILSAFE /!\  2010-02-04 20:30:57 +0100
  Status: 500 Internal Server Error
  Unknown database 'feysbook_dev'
    /usr/lib/ruby/gems/1.9.1/gems/activerecord-2.3.5/lib/active_record/connection_adapters/mysql_adapter.rb:589:in `real_connect'
    /usr/lib/ruby/gems/1.9.1/gems/activerecord-2.3.5/lib/active_record/connection_adapters/mysql_adapter.rb:589:in `connect'
    /usr/lib/ruby/gems/1.9.1/gems/activerecord-2.3.5/lib/active_record/connection_adapters/mysql_adapter.rb:203:in `initialize'
    /usr/lib/ruby/gems/1.9.1/gems/activerecord-2.3.5/lib/active_record/connection_adapters/mysql_adapter.rb:75:in `new'
    /usr/lib/ruby/gems/1.9.1/gems/activerecord-2.3.5/lib/active_record/connection_adapters/mysql_adapter.rb:75:in `mysql_connection'
    /usr/lib/ruby/gems/1.9.1/gems/activerecord-2.3.5/lib/active_record/connection_adapters/abstract/connection_pool.rb:223:in `new_connection'
    /usr/lib/ruby/gems/1.9.1/gems/activerecord-2.3.5/lib/active_record/connection_adapters/abstract/connection_pool.rb:245:in `checkout_new_connection'
    /usr/lib/ruby/gems/1.9.1/gems/activerecord-2.3.5/lib/active_record/connection_adapters/abstract/connection_pool.rb:188:in `block (2 levels) in checkout'
    /usr/lib/ruby/gems/1.9.1/gems/activerecord-2.3.5/lib/active_record/connection_adapters/abstract/connection_pool.rb:184:in `loop'
    /usr/lib/ruby/gems/1.9.1/gems/activerecord-2.3.5/lib/active_record/connection_adapters/abstract/connection_pool.rb:184:in `block in checkout'
    /usr/lib/ruby/1.9.1/monitor.rb:190:in `mon_synchronize'
    /usr/lib/ruby/gems/1.9.1/gems/activerecord-2.3.5/lib/active_record/connection_adapters/abstract/connection_pool.rb:183:in `checkout'
    /usr/lib/ruby/gems/1.9.1/gems/activerecord-2.3.5/lib/active_record/connection_adapters/abstract/connection_pool.rb:98:in `connection'
    /usr/lib/ruby/gems/1.9.1/gems/activerecord-2.3.5/lib/active_record/connection_adapters/abstract/connection_pool.rb:326:in `retrieve_connection'
    /usr/lib/ruby/gems/1.9.1/gems/activerecord-2.3.5/lib/active_record/connection_adapters/abstract/connection_specification.rb:123:in `retrieve_connection'
    /usr/lib/ruby/gems/1.9.1/gems/activerecord-2.3.5/lib/active_record/connection_adapters/abstract/connection_specification.rb:115:in `connection'
    /usr/lib/ruby/gems/1.9.1/gems/activerecord-2.3.5/lib/active_record/query_cache.rb:9:in `cache'
    /usr/lib/ruby/gems/1.9.1/gems/activerecord-2.3.5/lib/active_record/query_cache.rb:28:in `call'
    /usr/lib/ruby/gems/1.9.1/gems/activerecord-2.3.5/lib/active_record/connection_adapters/abstract/connection_pool.rb:361:in `call'
    /usr/lib/ruby/gems/1.9.1/gems/actionpack-2.3.5/lib/action_controller/string_coercion.rb:25:in `call'
    /usr/lib/ruby/gems/1.9.1/gems/rack-1.0.1/lib/rack/head.rb:9:in `call'
    /usr/lib/ruby/gems/1.9.1/gems/rack-1.0.1/lib/rack/methodoverride.rb:24:in `call'
    /usr/lib/ruby/gems/1.9.1/gems/actionpack-2.3.5/lib/action_controller/params_parser.rb:15:in `call'
    /usr/lib/ruby/gems/1.9.1/gems/actionpack-2.3.5/lib/action_controller/session/cookie_store.rb:93:in `call'
    /usr/lib/ruby/gems/1.9.1/gems/actionpack-2.3.5/lib/action_controller/failsafe.rb:26:in `call'
    /usr/lib/ruby/gems/1.9.1/gems/rack-1.0.1/lib/rack/lock.rb:11:in `block in call'
    <internal:prelude>:8:in `synchronize'
    /usr/lib/ruby/gems/1.9.1/gems/rack-1.0.1/lib/rack/lock.rb:11:in `call'
    /usr/lib/ruby/gems/1.9.1/gems/actionpack-2.3.5/lib/action_controller/dispatcher.rb:114:in `block in call'
    /usr/lib/ruby/gems/1.9.1/gems/actionpack-2.3.5/lib/action_controller/reloader.rb:34:in `run'
    /usr/lib/ruby/gems/1.9.1/gems/actionpack-2.3.5/lib/action_controller/dispatcher.rb:108:in `call'
    /usr/lib/ruby/gems/1.9.1/gems/rails-2.3.5/lib/rails/rack/static.rb:31:in `call'
    /usr/lib/ruby/gems/1.9.1/gems/rack-1.0.1/lib/rack/urlmap.rb:46:in `block in call'
    /usr/lib/ruby/gems/1.9.1/gems/rack-1.0.1/lib/rack/urlmap.rb:40:in `each'
    /usr/lib/ruby/gems/1.9.1/gems/rack-1.0.1/lib/rack/urlmap.rb:40:in `call'
    /usr/lib/ruby/gems/1.9.1/gems/rails-2.3.5/lib/rails/rack/log_tailer.rb:17:in `call'
    /usr/lib/ruby/gems/1.9.1/gems/rack-1.0.1/lib/rack/content_length.rb:13:in `call'
    /usr/lib/ruby/gems/1.9.1/gems/rack-1.0.1/lib/rack/handler/webrick.rb:50:in `service'
    /usr/lib/ruby/1.9.1/webrick/httpserver.rb:111:in `service'
    /usr/lib/ruby/1.9.1/webrick/httpserver.rb:70:in `run'
    /usr/lib/ruby/1.9.1/webrick/server.rb:183:in `block in start_thread'
  [4;36;1mSQL (0.5ms)[0m   [0;1mSET SQL_AUTO_IS_NULL=0[0m


Processing FeysbookController#index (for 127.0.0.1 at 2010-02-04 20:31:32) [GET]

ActionController::UnknownAction (No action responded to index. Actions: ):
  <internal:prelude>:8:in `synchronize'
  /usr/lib/ruby/1.9.1/webrick/httpserver.rb:111:in `service'
  /usr/lib/ruby/1.9.1/webrick/httpserver.rb:70:in `run'
  /usr/lib/ruby/1.9.1/webrick/server.rb:183:in `block in start_thread'

Rendering rescues/layout (not_found)
  [4;35;1mSQL (5.3ms)[0m   [0mSET SQL_AUTO_IS_NULL=0[0m


Processing FeysbookController#index (for 127.0.0.1 at 2010-02-04 20:31:36) [GET]

ActionController::UnknownAction (No action responded to index. Actions: ):
  <internal:prelude>:8:in `synchronize'
  /usr/lib/ruby/1.9.1/webrick/httpserver.rb:111:in `service'
  /usr/lib/ruby/1.9.1/webrick/httpserver.rb:70:in `run'
  /usr/lib/ruby/1.9.1/webrick/server.rb:183:in `block in start_thread'

Rendering rescues/layout (not_found)
  [4;36;1mSQL (6.9ms)[0m   [0;1mSET SQL_AUTO_IS_NULL=0[0m


Processing FeysbookController#index (for 127.0.0.1 at 2010-02-04 20:31:58) [GET]

ActionView::MissingTemplate (Missing template feysbook/index.erb in view path app/views):
  <internal:prelude>:8:in `synchronize'
  /usr/lib/ruby/1.9.1/webrick/httpserver.rb:111:in `service'
  /usr/lib/ruby/1.9.1/webrick/httpserver.rb:70:in `run'
  /usr/lib/ruby/1.9.1/webrick/server.rb:183:in `block in start_thread'

Rendering rescues/layout (internal_server_error)
  [4;35;1mSQL (1.9ms)[0m   [0mSET SQL_AUTO_IS_NULL=0[0m


Processing FeysbookController#index (for 127.0.0.1 at 2010-02-04 20:32:29) [GET]
Rendering template within layouts/application
Rendering feysbook/index
Completed in 36ms (View: 34, DB: 2) | 200 OK [http://localhost/feysbook/index]
  [4;36;1mSQL (7.0ms)[0m   [0;1mSET SQL_AUTO_IS_NULL=0[0m


Processing FeysbookController#index (for 127.0.0.1 at 2010-02-04 20:32:56) [GET]
Rendering template within layouts/application
Rendering feysbook/index
Completed in 6ms (View: 2, DB: 7) | 200 OK [http://localhost/feysbook/index]
  [4;35;1mSQL (7.8ms)[0m   [0mSET SQL_AUTO_IS_NULL=0[0m


Processing FeysbookController#index (for 127.0.0.1 at 2010-02-04 20:33:04) [GET]
Rendering template within layouts/application
Rendering feysbook/index
Completed in 4ms (View: 2, DB: 8) | 200 OK [http://localhost/feysbook/index]
  [4;36;1mSQL (4.2ms)[0m   [0;1mSET SQL_AUTO_IS_NULL=0[0m


Processing FeysbookController#index (for 127.0.0.1 at 2010-02-04 20:33:05) [GET]
Rendering template within layouts/application
Rendering feysbook/index
Completed in 4ms (View: 2, DB: 4) | 200 OK [http://localhost/feysbook/index]
  [4;35;1mSQL (7.0ms)[0m   [0mSET SQL_AUTO_IS_NULL=0[0m


Processing FeysbookController#index (for 127.0.0.1 at 2010-02-04 20:33:10) [GET]
Rendering template within layouts/application
Rendering feysbook/index
Completed in 7ms (View: 5, DB: 7) | 200 OK [http://localhost/feysbook/index]
  [4;36;1mSQL (10.2ms)[0m   [0;1mSET SQL_AUTO_IS_NULL=0[0m


Processing FeysbookController#index (for 127.0.0.1 at 2010-02-04 20:33:11) [GET]
Rendering template within layouts/application
Rendering feysbook/index
Completed in 4ms (View: 2, DB: 10) | 200 OK [http://localhost/feysbook/index]
  [4;35;1mSQL (4.0ms)[0m   [0mSET SQL_AUTO_IS_NULL=0[0m


Processing FeysbookController#index (for 127.0.0.1 at 2010-02-04 20:33:17) [GET]
Rendering template within layouts/application
Rendering feysbook/index
Completed in 4ms (View: 2, DB: 4) | 200 OK [http://localhost/feysbook/index]
  [4;36;1mSQL (10.1ms)[0m   [0;1mSET SQL_AUTO_IS_NULL=0[0m


Processing FeysbookController#index (for 127.0.0.1 at 2010-02-04 20:33:17) [GET]
Rendering template within layouts/application
Rendering feysbook/index
Completed in 4ms (View: 2, DB: 10) | 200 OK [http://localhost/feysbook/index]
  [4;35;1mSQL (6.8ms)[0m   [0mSET SQL_AUTO_IS_NULL=0[0m


Processing FeysbookController#index (for 127.0.0.1 at 2010-02-04 20:33:24) [GET]
Rendering template within layouts/application
Rendering feysbook/index
Completed in 4ms (View: 2, DB: 7) | 200 OK [http://localhost/feysbook/index]
  [4;36;1mSQL (3.0ms)[0m   [0;1mSET SQL_AUTO_IS_NULL=0[0m


Processing FeysbookController#index (for 127.0.0.1 at 2010-02-04 20:33:28) [GET]
Rendering template within layouts/application
Rendering feysbook/index
Completed in 6ms (View: 2, DB: 3) | 200 OK [http://localhost/feysbook/index]
  [4;35;1mSQL (9.1ms)[0m   [0mSET SQL_AUTO_IS_NULL=0[0m


Processing FeysbookController#index (for 127.0.0.1 at 2010-02-04 20:33:34) [GET]
Rendering template within layouts/application
Rendering feysbook/index
Completed in 4ms (View: 2, DB: 9) | 200 OK [http://localhost/feysbook/index]
  [4;36;1mSQL (5.6ms)[0m   [0;1mSET SQL_AUTO_IS_NULL=0[0m


Processing FeysbookController#index (for 127.0.0.1 at 2010-02-04 20:33:43) [GET]
Rendering template within layouts/application
Rendering feysbook/index
Completed in 8ms (View: 6, DB: 6) | 200 OK [http://localhost/feysbook/index]
  [4;35;1mSQL (3.6ms)[0m   [0mSET SQL_AUTO_IS_NULL=0[0m


Processing FeysbookController#index (for 127.0.0.1 at 2010-02-04 20:34:02) [GET]
Rendering template within layouts/application
Rendering feysbook/index
Completed in 4ms (View: 2, DB: 4) | 200 OK [http://localhost/feysbook/index]
  [4;36;1mSQL (9.0ms)[0m   [0;1mSET SQL_AUTO_IS_NULL=0[0m


Processing FeysbookController#index (for 127.0.0.1 at 2010-02-04 20:34:02) [GET]
Rendering template within layouts/application
Rendering feysbook/index
Completed in 4ms (View: 2, DB: 9) | 200 OK [http://localhost/feysbook/index]
  [4;35;1mSQL (7.2ms)[0m   [0mSET SQL_AUTO_IS_NULL=0[0m


Processing FeysbookController#index (for 127.0.0.1 at 2010-02-04 20:34:14) [GET]
Rendering template within layouts/application
Rendering feysbook/index
Completed in 4ms (View: 2, DB: 7) | 200 OK [http://localhost/feysbook/index]
  [4;36;1mSQL (6.3ms)[0m   [0;1mSET SQL_AUTO_IS_NULL=0[0m


Processing FeysbookController#index (for 127.0.0.1 at 2010-02-04 20:34:33) [GET]
Rendering template within layouts/application
Rendering feysbook/index
Completed in 4ms (View: 2, DB: 6) | 200 OK [http://localhost/feysbook/index]
  [4;35;1mSQL (9.9ms)[0m   [0mSET SQL_AUTO_IS_NULL=0[0m


Processing FeysbookController#index (for 127.0.0.1 at 2010-02-04 20:34:33) [GET]
Rendering template within layouts/application
Rendering feysbook/index
Completed in 4ms (View: 2, DB: 10) | 200 OK [http://localhost/feysbook/index]
  [4;36;1mSQL (2.8ms)[0m   [0;1mSET SQL_AUTO_IS_NULL=0[0m


Processing FeysbookController#index (for 127.0.0.1 at 2010-02-04 20:35:06) [GET]
Rendering template within layouts/application
Rendering feysbook/index
Completed in 4ms (View: 2, DB: 3) | 200 OK [http://localhost/feysbook/index]
  [4;35;1mSQL (1.7ms)[0m   [0mSET SQL_AUTO_IS_NULL=0[0m


Processing FeysbookController#index (for 127.0.0.1 at 2010-02-04 20:35:50) [GET]
Rendering template within layouts/application
Rendering feysbook/index
Completed in 4ms (View: 2, DB: 2) | 200 OK [http://localhost/feysbook/index]
  [4;36;1mSQL (0.4ms)[0m   [0;1mSET SQL_AUTO_IS_NULL=0[0m


Processing FeysbookController#index (for 127.0.0.1 at 2010-02-04 20:38:26) [GET]
Rendering template within layouts/application
Rendering feysbook/index
Completed in 8ms (View: 4, DB: 0) | 200 OK [http://localhost/feysbook/index]
  [4;35;1mSQL (7.5ms)[0m   [0mSET SQL_AUTO_IS_NULL=0[0m


Processing FeysbookController#index (for 127.0.0.1 at 2010-02-04 20:38:39) [GET]
Rendering template within layouts/application
Rendering feysbook/index
Completed in 4ms (View: 2, DB: 8) | 200 OK [http://localhost/feysbook/index]
  [4;36;1mSQL (3.2ms)[0m   [0;1mSET SQL_AUTO_IS_NULL=0[0m


Processing FeysbookController#index (for 127.0.0.1 at 2010-02-04 20:39:10) [GET]
Rendering template within layouts/application
Rendering feysbook/index
Completed in 7ms (View: 2, DB: 3) | 200 OK [http://localhost/feysbook/index]
  [4;35;1mSQL (2.3ms)[0m   [0mSET SQL_AUTO_IS_NULL=0[0m


Processing FeysbookController#index (for 127.0.0.1 at 2010-02-04 20:40:10) [GET]
Rendering template within layouts/application
Rendering feysbook/index
Completed in 39ms (View: 26, DB: 2) | 200 OK [http://localhost/feysbook/index]
  [4;36;1mSQL (4.1ms)[0m   [0;1mSET SQL_AUTO_IS_NULL=0[0m


Processing FeysbookController#index (for 127.0.0.1 at 2010-02-04 20:41:16) [GET]
Rendering template within layouts/application
Rendering feysbook/index
Completed in 4ms (View: 2, DB: 4) | 200 OK [http://localhost/feysbook/index]
  [4;35;1mSQL (9.7ms)[0m   [0mSET SQL_AUTO_IS_NULL=0[0m


Processing FeysbookController#index (for 127.0.0.1 at 2010-02-04 20:41:41) [GET]
Rendering template within layouts/application
Rendering feysbook/index
Completed in 4ms (View: 2, DB: 10) | 200 OK [http://localhost/feysbook/index]
  [4;36;1mSQL (9.1ms)[0m   [0;1mSET SQL_AUTO_IS_NULL=0[0m


Processing FeysbookController#index (for 127.0.0.1 at 2010-02-04 20:41:52) [GET]
Rendering template within layouts/application
Rendering feysbook/index
Completed in 6ms (View: 3, DB: 9) | 200 OK [http://localhost/feysbook/index]
  [4;35;1mSQL (2.1ms)[0m   [0mSET SQL_AUTO_IS_NULL=0[0m


Processing FeysbookController#index (for 127.0.0.1 at 2010-02-04 20:42:06) [GET]
Rendering template within layouts/application
Rendering feysbook/index
Completed in 4ms (View: 2, DB: 2) | 200 OK [http://localhost/feysbook/index]
  [4;36;1mSQL (25.3ms)[0m   [0;1mSET SQL_AUTO_IS_NULL=0[0m


Processing FeysbookController#index (for 127.0.0.1 at 2010-02-04 20:42:06) [GET]
Rendering template within layouts/application
Rendering feysbook/index
Completed in 4ms (View: 2, DB: 25) | 200 OK [http://localhost/feysbook/index]
  [4;35;1mSQL (8.1ms)[0m   [0mSET SQL_AUTO_IS_NULL=0[0m


Processing FeysbookController#index (for 127.0.0.1 at 2010-02-04 20:42:18) [GET]
Rendering template within layouts/application
Rendering feysbook/index
Completed in 4ms (View: 2, DB: 8) | 200 OK [http://localhost/feysbook/index]
  [4;36;1mSQL (17.8ms)[0m   [0;1mSET SQL_AUTO_IS_NULL=0[0m


Processing FeysbookController#index (for 127.0.0.1 at 2010-02-04 20:42:38) [GET]
Rendering template within layouts/application
Rendering feysbook/index
Completed in 4ms (View: 2, DB: 18) | 200 OK [http://localhost/feysbook/index]
  [4;35;1mSQL (7.9ms)[0m   [0mSET SQL_AUTO_IS_NULL=0[0m


Processing FeysbookController#index (for 127.0.0.1 at 2010-02-04 20:42:48) [GET]
Rendering template within layouts/application
Rendering feysbook/index
Completed in 10ms (View: 3, DB: 8) | 200 OK [http://localhost/feysbook/index]
  [4;36;1mSQL (8.5ms)[0m   [0;1mSET SQL_AUTO_IS_NULL=0[0m


Processing FeysbookController#index (for 127.0.0.1 at 2010-02-04 20:43:00) [GET]
Rendering template within layouts/application
Rendering feysbook/index
Completed in 4ms (View: 2, DB: 8) | 200 OK [http://localhost/feysbook/index]
  [4;35;1mSQL (10.1ms)[0m   [0mSET SQL_AUTO_IS_NULL=0[0m


Processing FeysbookController#index (for 127.0.0.1 at 2010-02-04 20:43:21) [GET]
Rendering template within layouts/application
Rendering feysbook/index
Completed in 6ms (View: 2, DB: 10) | 200 OK [http://localhost/feysbook/index]
  [4;36;1mSQL (15.6ms)[0m   [0;1mSET SQL_AUTO_IS_NULL=0[0m


Processing FeysbookController#index (for 127.0.0.1 at 2010-02-04 20:43:33) [GET]
Rendering template within layouts/application
Rendering feysbook/index
Completed in 4ms (View: 2, DB: 16) | 200 OK [http://localhost/feysbook/index]
  [4;35;1mSQL (11.3ms)[0m   [0mSET SQL_AUTO_IS_NULL=0[0m


Processing FeysbookController#index (for 127.0.0.1 at 2010-02-04 20:43:50) [GET]
Rendering template within layouts/application
Rendering feysbook/index
Completed in 4ms (View: 2, DB: 11) | 200 OK [http://localhost/feysbook/index]
  [4;36;1mSQL (5.5ms)[0m   [0;1mSET SQL_AUTO_IS_NULL=0[0m


Processing FeysbookController#index (for 127.0.0.1 at 2010-02-04 20:43:58) [GET]
Rendering template within layouts/application
Rendering feysbook/index
Completed in 4ms (View: 2, DB: 5) | 200 OK [http://localhost/feysbook/index]
  [4;35;1mSQL (8.5ms)[0m   [0mSET SQL_AUTO_IS_NULL=0[0m


Processing FeysbookController#index (for 127.0.0.1 at 2010-02-04 20:44:24) [GET]
Rendering template within layouts/application
Rendering feysbook/index
Completed in 4ms (View: 2, DB: 8) | 200 OK [http://localhost/feysbook/index]
  [4;36;1mSQL (15.0ms)[0m   [0;1mSET SQL_AUTO_IS_NULL=0[0m


Processing FeysbookController#index (for 127.0.0.1 at 2010-02-04 20:44:32) [GET]
Rendering template within layouts/application
Rendering feysbook/index
Completed in 4ms (View: 2, DB: 15) | 200 OK [http://localhost/feysbook/index]
  [4;35;1mSQL (0.9ms)[0m   [0mSET SQL_AUTO_IS_NULL=0[0m


Processing FeysbookController#index (for 127.0.0.1 at 2010-02-04 20:44:36) [GET]
Rendering template within layouts/application
Rendering feysbook/index
Completed in 9ms (View: 3, DB: 1) | 200 OK [http://localhost/feysbook/index]
  [4;36;1mSQL (0.1ms)[0m   [0;1mSET SQL_AUTO_IS_NULL=0[0m


Processing FeysbookController#index (for 127.0.0.1 at 2010-02-04 20:45:12) [GET]
Rendering template within layouts/application
Rendering feysbook/index
Completed in 4ms (View: 2, DB: 0) | 200 OK [http://localhost/feysbook/index]
  [4;35;1mSQL (7.8ms)[0m   [0mSET SQL_AUTO_IS_NULL=0[0m


Processing FeysbookController#index (for 127.0.0.1 at 2010-02-04 20:45:17) [GET]
Rendering template within layouts/application
Rendering feysbook/index
Completed in 8ms (View: 3, DB: 8) | 200 OK [http://localhost/feysbook/index]
  [4;36;1mSQL (1.5ms)[0m   [0;1mSET SQL_AUTO_IS_NULL=0[0m


Processing FeysbookController#index (for 127.0.0.1 at 2010-02-04 20:48:02) [GET]
Rendering template within layouts/application
Rendering feysbook/index
Completed in 8ms (View: 3, DB: 2) | 200 OK [http://localhost/feysbook/index]
  [4;35;1mSQL (9.6ms)[0m   [0mSET SQL_AUTO_IS_NULL=0[0m


Processing FeysbookController#index (for 127.0.0.1 at 2010-02-04 20:48:08) [GET]
Rendering template within layouts/application
Rendering feysbook/index
Completed in 4ms (View: 2, DB: 10) | 200 OK [http://localhost/feysbook/index]
  [4;36;1mSQL (0.2ms)[0m   [0;1mSET SQL_AUTO_IS_NULL=0[0m


Processing FeysbookController#index (for 127.0.0.1 at 2010-02-04 20:53:49) [GET]
Rendering template within layouts/application
Rendering feysbook/index
Completed in 86ms (View: 84, DB: 0) | 200 OK [http://localhost/feysbook/index]
  [4;35;1mSQL (6.4ms)[0m   [0mSET SQL_AUTO_IS_NULL=0[0m


Processing ApplicationController#index (for 127.0.0.1 at 2010-02-04 20:53:49) [GET]

ActionController::RoutingError (No route matches "/images/logo.png" with {:method=>:get}):
  <internal:prelude>:8:in `synchronize'
  /usr/lib/ruby/1.9.1/webrick/httpserver.rb:111:in `service'
  /usr/lib/ruby/1.9.1/webrick/httpserver.rb:70:in `run'
  /usr/lib/ruby/1.9.1/webrick/server.rb:183:in `block in start_thread'

Rendering rescues/layout (not_found)
  [4;36;1mSQL (8.2ms)[0m   [0;1mSET SQL_AUTO_IS_NULL=0[0m


Processing FeysbookController#index (for 127.0.0.1 at 2010-02-04 20:54:01) [GET]
Rendering template within layouts/application
Rendering feysbook/index
Completed in 23ms (View: 21, DB: 8) | 200 OK [http://localhost/feysbook/index]
  [4;35;1mSQL (0.1ms)[0m   [0mSET SQL_AUTO_IS_NULL=0[0m


Processing ApplicationController#index (for 127.0.0.1 at 2010-02-04 20:54:02) [GET]

ActionController::RoutingError (No route matches "/images/images/logo.png" with {:method=>:get}):
  <internal:prelude>:8:in `synchronize'
  /usr/lib/ruby/1.9.1/webrick/httpserver.rb:111:in `service'
  /usr/lib/ruby/1.9.1/webrick/httpserver.rb:70:in `run'
  /usr/lib/ruby/1.9.1/webrick/server.rb:183:in `block in start_thread'

Rendering rescues/layout (not_found)
  [4;36;1mSQL (9.9ms)[0m   [0;1mSET SQL_AUTO_IS_NULL=0[0m


Processing FeysbookController#index (for 127.0.0.1 at 2010-02-04 20:54:20) [GET]
Rendering template within layouts/application
Rendering feysbook/index
Completed in 21ms (View: 19, DB: 10) | 200 OK [http://localhost/feysbook/index]
  [4;35;1mSQL (2.0ms)[0m   [0mSET SQL_AUTO_IS_NULL=0[0m


Processing FeysbookController#index (for 127.0.0.1 at 2010-02-04 20:55:19) [GET]
Rendering template within layouts/application
Rendering feysbook/index
Completed in 6ms (View: 2, DB: 2) | 200 OK [http://localhost/feysbook/index]
  [4;36;1mSQL (2.0ms)[0m   [0;1mSET SQL_AUTO_IS_NULL=0[0m


Processing FeysbookController#index (for 127.0.0.1 at 2010-02-04 20:57:09) [GET]
Rendering template within layouts/application
Rendering feysbook/index
Completed in 22ms (View: 18, DB: 2) | 200 OK [http://localhost/feysbook/index]
  [4;35;1mSQL (7.5ms)[0m   [0mSET SQL_AUTO_IS_NULL=0[0m


Processing FeysbookController#index (for 127.0.0.1 at 2010-02-04 20:57:19) [GET]
Rendering template within layouts/application
Rendering feysbook/index
Completed in 5ms (View: 3, DB: 7) | 200 OK [http://localhost/feysbook/index]
  [4;36;1mSQL (7.3ms)[0m   [0;1mSET SQL_AUTO_IS_NULL=0[0m


Processing FeysbookController#index (for 127.0.0.1 at 2010-02-04 20:57:23) [GET]
Rendering template within layouts/application
Rendering feysbook/index
Completed in 6ms (View: 2, DB: 7) | 200 OK [http://localhost/feysbook/index]
  [4;35;1mSQL (3.2ms)[0m   [0mSET SQL_AUTO_IS_NULL=0[0m


Processing FeysbookController#index (for 127.0.0.1 at 2010-02-04 20:58:46) [GET]
Rendering template within layouts/application
Rendering feysbook/index
Completed in 26ms (View: 22, DB: 3) | 200 OK [http://localhost/feysbook/index]
  [4;36;1mSQL (6.2ms)[0m   [0;1mSET SQL_AUTO_IS_NULL=0[0m


Processing FeysbookController#index (for 127.0.0.1 at 2010-02-04 20:58:52) [GET]
Rendering template within layouts/application
Rendering feysbook/index
Completed in 24ms (View: 20, DB: 6) | 200 OK [http://localhost/feysbook/index]
  [4;35;1mSQL (2.0ms)[0m   [0mSET SQL_AUTO_IS_NULL=0[0m


Processing FeysbookController#index (for 127.0.0.1 at 2010-02-04 20:59:18) [GET]
Rendering template within layouts/application
Rendering feysbook/index
Completed in 21ms (View: 18, DB: 2) | 200 OK [http://localhost/feysbook/index]
  [4;36;1mSQL (2.2ms)[0m   [0;1mSET SQL_AUTO_IS_NULL=0[0m


Processing FeysbookController#index (for 127.0.0.1 at 2010-02-04 21:07:05) [GET]
Rendering template within layouts/application
Rendering feysbook/index
Completed in 4ms (View: 2, DB: 2) | 200 OK [http://localhost/feysbook/index]
  [4;35;1mSQL (10.0ms)[0m   [0mSET SQL_AUTO_IS_NULL=0[0m


Processing FeysbookController#index (for 127.0.0.1 at 2010-02-04 21:07:11) [GET]
Rendering template within layouts/application
Rendering feysbook/index
Completed in 4ms (View: 2, DB: 10) | 200 OK [http://localhost/feysbook/index]
  [4;36;1mSQL (18.4ms)[0m   [0;1mSET SQL_AUTO_IS_NULL=0[0m


Processing FeysbookController#index (for 127.0.0.1 at 2010-02-04 21:07:33) [GET]
Rendering template within layouts/application
Rendering feysbook/index
Completed in 4ms (View: 2, DB: 18) | 200 OK [http://localhost/feysbook/index]
  [4;35;1mSQL (8.1ms)[0m   [0mSET SQL_AUTO_IS_NULL=0[0m


Processing FeysbookController#index (for 127.0.0.1 at 2010-02-04 21:07:42) [GET]
Rendering template within layouts/application
Rendering feysbook/index
Completed in 6ms (View: 4, DB: 8) | 200 OK [http://localhost/feysbook/index]
  [4;36;1mSQL (0.1ms)[0m   [0;1mSET SQL_AUTO_IS_NULL=0[0m


Processing FeysbookController#index (for 127.0.0.1 at 2010-02-04 21:09:15) [GET]
Rendering template within layouts/application
Rendering feysbook/index
Completed in 25ms (View: 23, DB: 0) | 200 OK [http://localhost/feysbook/index]
  [4;35;1mSQL (9.8ms)[0m   [0mSET SQL_AUTO_IS_NULL=0[0m


Processing FeysbookController#index (for 127.0.0.1 at 2010-02-04 21:09:39) [GET]
Rendering template within layouts/application
Rendering feysbook/index
Completed in 4ms (View: 2, DB: 10) | 200 OK [http://localhost/feysbook/index]
  [4;36;1mSQL (2.2ms)[0m   [0;1mSET SQL_AUTO_IS_NULL=0[0m


Processing FeysbookController#index (for 127.0.0.1 at 2010-02-04 21:09:47) [GET]
Rendering template within layouts/application
Rendering feysbook/index
Completed in 4ms (View: 2, DB: 2) | 200 OK [http://localhost/feysbook/index]
  [4;35;1mSQL (3.0ms)[0m   [0mSET SQL_AUTO_IS_NULL=0[0m


Processing FeysbookController#index (for 127.0.0.1 at 2010-02-04 21:09:48) [GET]
Rendering template within layouts/application
Rendering feysbook/index
Completed in 4ms (View: 2, DB: 3) | 200 OK [http://localhost/feysbook/index]
  [4;36;1mSQL (8.3ms)[0m   [0;1mSET SQL_AUTO_IS_NULL=0[0m


Processing FeysbookController#index (for 127.0.0.1 at 2010-02-04 21:09:50) [GET]
Rendering template within layouts/application
Rendering feysbook/index
Completed in 4ms (View: 2, DB: 8) | 200 OK [http://localhost/feysbook/index]
  [4;35;1mSQL (2.9ms)[0m   [0mSET SQL_AUTO_IS_NULL=0[0m


Processing FeysbookController#index (for 127.0.0.1 at 2010-02-04 21:11:29) [GET]
Rendering template within layouts/application
Rendering feysbook/index
Completed in 4ms (View: 2, DB: 3) | 200 OK [http://localhost/feysbook/index]
  [4;36;1mSQL (6.9ms)[0m   [0;1mSET SQL_AUTO_IS_NULL=0[0m


Processing FeysbookController#index (for 127.0.0.1 at 2010-02-04 21:11:30) [GET]
Rendering template within layouts/application
Rendering feysbook/index
Completed in 4ms (View: 2, DB: 7) | 200 OK [http://localhost/feysbook/index]
  [4;35;1mSQL (0.1ms)[0m   [0mSET SQL_AUTO_IS_NULL=0[0m


Processing ApplicationController#index (for 127.0.0.1 at 2010-02-04 21:11:30) [GET]

ActionController::RoutingError (No route matches "/images/bg.png" with {:method=>:get}):
  <internal:prelude>:8:in `synchronize'
  /usr/lib/ruby/1.9.1/webrick/httpserver.rb:111:in `service'
  /usr/lib/ruby/1.9.1/webrick/httpserver.rb:70:in `run'
  /usr/lib/ruby/1.9.1/webrick/server.rb:183:in `block in start_thread'

Rendering rescues/layout (not_found)
  [4;36;1mSQL (0.7ms)[0m   [0;1mSET SQL_AUTO_IS_NULL=0[0m


Processing FeysbookController#index (for 127.0.0.1 at 2010-02-04 21:12:36) [GET]
Rendering template within layouts/application
Rendering feysbook/index
Completed in 4ms (View: 2, DB: 1) | 200 OK [http://localhost/feysbook/index]
  [4;35;1mSQL (23.8ms)[0m   [0mSET SQL_AUTO_IS_NULL=0[0m


Processing FeysbookController#index (for 127.0.0.1 at 2010-02-04 21:12:38) [GET]
Rendering template within layouts/application
Rendering feysbook/index
Completed in 6ms (View: 3, DB: 24) | 200 OK [http://localhost/feysbook/index]
  [4;36;1mSQL (9.3ms)[0m   [0;1mSET SQL_AUTO_IS_NULL=0[0m


Processing FeysbookController#index (for 127.0.0.1 at 2010-02-04 21:13:07) [GET]
Rendering template within layouts/application
Rendering feysbook/index
Completed in 6ms (View: 4, DB: 9) | 200 OK [http://localhost/feysbook/index]
  [4;35;1mSQL (0.5ms)[0m   [0mSET SQL_AUTO_IS_NULL=0[0m


Processing FeysbookController#index (for 127.0.0.1 at 2010-02-04 21:14:20) [GET]
Rendering template within layouts/application
Rendering feysbook/index
Completed in 4ms (View: 2, DB: 0) | 200 OK [http://localhost/feysbook/index]
  [4;36;1mSQL (7.7ms)[0m   [0;1mSET SQL_AUTO_IS_NULL=0[0m


Processing FeysbookController#index (for 127.0.0.1 at 2010-02-04 21:16:52) [GET]
Rendering template within layouts/application
Rendering feysbook/index
Completed in 25ms (View: 22, DB: 8) | 200 OK [http://localhost/feysbook/index]
